C:\Program Files (x86)\MSBuild\Microsoft.Cpp\v4.0\V140\Microsoft.CppBuild.targets(368,5): warning MSB8004: Output Directory does not end with a trailing slash.  This build instance will add the slash as it is required to allow proper evaluation of the Output Directory.
  SourceRoute.c
c:\users\tetcos\desktop\final_project\som clustering\64bit\code\dsr\sourceroute.c(68): warning C4013: 'fn_NetSim_som_clustering_CheckDestination' undefined; assuming extern returning int
  SOM_Clustering.c
c:\users\tetcos\desktop\final_project\som clustering\64bit\code\dsr\som_clustering.c(64): warning C4013: 'fn_NetSim_som_clustering_IdentifyCluster' undefined; assuming extern returning int
c:\users\tetcos\desktop\final_project\som clustering\64bit\code\dsr\som_clustering.c(60): warning C4101: 'i': unreferenced local variable
c:\users\tetcos\desktop\final_project\som clustering\64bit\code\dsr\som_clustering.c(57): warning C4101: 'nInterface': unreferenced local variable
c:\users\tetcos\desktop\final_project\som clustering\64bit\code\dsr\som_clustering.c(169): warning C4244: 'function': conversion from 'double' to 'std::size_t', possible loss of data
c:\users\tetcos\desktop\final_project\som clustering\64bit\code\dsr\som_clustering.c(173): warning C4013: 'fn_netsim_som_form_clusters' undefined; assuming extern returning int
c:\users\tetcos\desktop\final_project\som clustering\64bit\code\dsr\som_clustering.c(175): warning C4013: 'fn_netsim_assign_cluster_heads' undefined; assuming extern returning int
c:\users\tetcos\desktop\final_project\som clustering\64bit\code\dsr\som_clustering.c(159): warning C4474: 'fprintf' : too many arguments passed for format string
  c:\users\tetcos\desktop\final_project\som clustering\64bit\code\dsr\som_clustering.c(159): note: placeholders and their parameters expect 0 variadic arguments, but 1 were provided
c:\users\tetcos\desktop\final_project\som clustering\64bit\code\dsr\som_clustering.c(164): warning C4477: 'printf' : format string '%d' requires an argument of type 'int', but variadic argument 1 has type 'double'
c:\users\tetcos\desktop\final_project\som clustering\64bit\code\dsr\som_clustering.c(179): warning C4477: 'fprintf' : format string '%f' requires an argument of type 'double', but variadic argument 1 has type 'double *'
c:\users\tetcos\desktop\final_project\som clustering\64bit\code\dsr\som_clustering.c(194): warning C4244: '=': conversion from 'double' to 'int', possible loss of data
c:\users\tetcos\desktop\final_project\som clustering\64bit\code\dsr\som_clustering.c(217): warning C4244: '=': conversion from 'double' to 'int', possible loss of data
  SendBuffer.c
  RouteRequest.c
  RouteReply.c
  RouteError.c
  RouteCache.c
  PacketProcessing.c
c:\users\tetcos\desktop\final_project\som clustering\64bit\code\dsr\packetprocessing.c(41): warning C4013: 'fn_NetSim_som_clustering_GetNextHop' undefined; assuming extern returning int
  Network_Layer_Ack.c
  MATLAB_Interface.c
  MaintBuffer.c
  DSR.c
c:\users\tetcos\desktop\final_project\som clustering\64bit\code\dsr\dsr.c(47): warning C4013: 'fn_NetSim_som_Clustering_Init' undefined; assuming extern returning int
c:\users\tetcos\desktop\final_project\som clustering\64bit\code\dsr\dsr.c(196): warning C4013: 'fn_NetSim_som_clustering_run' undefined; assuming extern returning int
c:\users\tetcos\desktop\final_project\som clustering\64bit\code\dsr\dsr.c(266): warning C4018: '<': signed/unsigned mismatch
  CheckRouteFound.c
  Generating Code...
c:\users\tetcos\desktop\final_project\som clustering\64bit\code\dsr\som_clustering.c(112): warning C4715: 'fn_NetSim_som_clustering_IdentifyCluster': not all control paths return a value
c:\users\tetcos\desktop\final_project\som clustering\64bit\code\dsr\som_clustering.c(184): warning C4716: 'fn_NetSim_som_clustering_run': must return a value
C:\Program Files (x86)\MSBuild\Microsoft.Cpp\v4.0\V140\Microsoft.CppBuild.targets(1189,5): warning MSB8012: TargetPath(C:\Users\tetcos\Desktop\Final_Project\SOM CLUSTERING\64bit\Code\DSR\..\Dll\DSR.dll) does not match the Linker's OutputFile property value (C:\Users\tetcos\Desktop\Final_Project\SOM CLUSTERING\64bit\Code\Dll\libDSR.dll). This may cause your project to build incorrectly. To correct this, please make sure that $(OutDir), $(TargetName) and $(TargetExt) property values match the value specified in %(Link.OutputFile).
C:\Program Files (x86)\MSBuild\Microsoft.Cpp\v4.0\V140\Microsoft.CppBuild.targets(1191,5): warning MSB8012: TargetName(DSR) does not match the Linker's OutputFile property value (libDSR). This may cause your project to build incorrectly. To correct this, please make sure that $(OutDir), $(TargetName) and $(TargetExt) property values match the value specified in %(Link.OutputFile).
CheckRouteFound.obj : warning LNK4075: ignoring '/EDITANDCONTINUE' due to '/OPT:LBR' specification
  List.lib(List.obj) : MSIL .netmodule or module compiled with /GL found; restarting link with /LTCG; add /LTCG to the link command line to improve linker performance
CheckRouteFound.obj : warning LNK4075: ignoring '/EDITANDCONTINUE' due to '/OPT:LBR' specification
     Creating library ..\Dll\DSR.lib and object ..\Dll\DSR.exp
LINK : warning LNK4098: defaultlib 'MSVCRT' conflicts with use of other libs; use /NODEFAULTLIB:library
  Generating code
  Finished generating code
List.lib(List.obj) : warning LNK4099: PDB 'List.pdb' was not found with 'List.lib(List.obj)' or at 'C:\Users\tetcos\Desktop\Final_Project\SOM CLUSTERING\64bit\Code\Dll\List.pdb'; linking object as if no debug info
DSR.lib(DSR.obj) : warning LNK4099: PDB 'DSRLib.pdb' was not found with 'DSR.lib(DSR.obj)' or at 'C:\Users\tetcos\Desktop\Final_Project\SOM CLUSTERING\64bit\Code\Dll\DSRLib.pdb'; linking object as if no debug info
DSR.lib(LinkLayerAck.obj) : warning LNK4099: PDB 'DSRLib.pdb' was not found with 'DSR.lib(LinkLayerAck.obj)' or at 'C:\Users\tetcos\Desktop\Final_Project\SOM CLUSTERING\64bit\Code\Dll\DSRLib.pdb'; linking object as if no debug info
  DSR.vcxproj -> C:\Users\tetcos\Desktop\Final_Project\SOM CLUSTERING\64bit\Code\DSR\..\Dll\DSR.dll
  DSR.vcxproj -> ..\Dll\DSR.pdb (Full PDB)
